<?xml version="1.0" encoding="UTF-8"?>
<!-- Generated by org.testng.reporters.JUnitReportReporter -->
<testsuite hostname="Veronicas-MacBook-Air.local" failures="0" tests="2" name="xola.Login" time="13.435" errors="0" timestamp="21 Mar 2024 12:34:53 GMT">
  <testcase classname="xola.Login" name="loginFunctionality" time="1.732"/>
  <testcase classname="xola.Login" name="test" time="11.703"/>
</testsuite> <!-- xola.Login -->
